<?xml version="1.0" encoding="utf-8"?><testsuites name="pytest tests"><testsuite name="pytest" errors="0" failures="0" skipped="0" tests="12" time="1.616" timestamp="2026-04-22T23:20:58.788471+00:00" hostname="agent-env-7d793feb-3b06-44a6-85f8-ec8d86c07c38"><testcase classname="backend.tests.wedding_invite_test.TestWedding" name="test_get_wedding" time="0.249" /><testcase classname="backend.tests.wedding_invite_test.TestGuests" name="test_create_guest_basic" time="0.063" /><testcase classname="backend.tests.wedding_invite_test.TestGuests" name="test_create_guest_named_slug" time="0.054" /><testcase classname="backend.tests.wedding_invite_test.TestGuests" name="test_duplicate_name_suffix" time="0.100" /><testcase classname="backend.tests.wedding_invite_test.TestGuests" name="test_empty_name_400" time="0.048" /><testcase classname="backend.tests.wedding_invite_test.TestGuests" name="test_special_chars_only_400" time="0.047" /><testcase classname="backend.tests.wedding_invite_test.TestGuests" name="test_list_guests" time="0.054" /><testcase classname="backend.tests.wedding_invite_test.TestGuests" name="test_list_sorted_desc" time="0.123" /><testcase classname="backend.tests.wedding_invite_test.TestGuests" name="test_get_guest_by_slug" time="0.051" /><testcase classname="backend.tests.wedding_invite_test.TestGuests" name="test_get_guest_404" time="0.048" /><testcase classname="backend.tests.wedding_invite_test.TestGuests" name="test_delete_guest_and_404_after" time="0.145" /><testcase classname="backend.tests.wedding_invite_test.TestGuests" name="test_delete_nonexistent_404" time="0.483" /></testsuite></testsuites>