<?xml version="1.0" encoding="utf-8"?><testsuites name="pytest tests"><testsuite name="pytest" errors="0" failures="1" skipped="0" tests="16" time="4.018" timestamp="2026-05-01T02:59:27.602709+00:00" hostname="agent-env-7d793feb-3b06-44a6-85f8-ec8d86c07c38"><testcase classname="backend.tests.wedding_invite_test.TestWedding" name="test_get_wedding" time="0.286" /><testcase classname="backend.tests.wedding_invite_test.TestGuests" name="test_create_guest_basic" time="0.099" /><testcase classname="backend.tests.wedding_invite_test.TestGuests" name="test_duplicate_name_suffix" time="0.197" /><testcase classname="backend.tests.wedding_invite_test.TestGuests" name="test_empty_name_400" time="0.093" /><testcase classname="backend.tests.wedding_invite_test.TestGuests" name="test_list_guests" time="0.102" /><testcase classname="backend.tests.wedding_invite_test.TestGuests" name="test_get_guest_by_slug" time="0.098" /><testcase classname="backend.tests.wedding_invite_test.TestGuests" name="test_get_guest_404" time="0.094" /><testcase classname="backend.tests.wedding_invite_test.TestGuests" name="test_delete_guest_and_404_after" time="0.281" /><testcase classname="backend.tests.wedding_invite_test.TestGuestbook" name="test_create_text_only" time="0.114" /><testcase classname="backend.tests.wedding_invite_test.TestGuestbook" name="test_create_with_photo" time="0.337" /><testcase classname="backend.tests.wedding_invite_test.TestGuestbook" name="test_create_empty_name_400" time="0.092" /><testcase classname="backend.tests.wedding_invite_test.TestGuestbook" name="test_create_empty_message_400" time="0.096" /><testcase classname="backend.tests.wedding_invite_test.TestGuestbook" name="test_invalid_image_type_400" time="0.093" /><testcase classname="backend.tests.wedding_invite_test.TestGuestbook" name="test_list_guestbook_sorted_desc" time="0.093" /><testcase classname="backend.tests.wedding_invite_test.TestGuestbook" name="test_serve_uploaded_file" time="0.310" /><testcase classname="backend.tests.wedding_invite_test.TestGuestbook" name="test_serve_bad_file_404" time="1.527"><failure message="assert 500 == 404&#10; +  where 500 = &lt;Response [500]&gt;.status_code">backend/tests/wedding_invite_test.py:173: in test_serve_bad_file_404
    assert r.status_code == 404
E   assert 500 == 404
E    +  where 500 = &lt;Response [500]&gt;.status_code</failure></testcase></testsuite></testsuites>